  STL.cpp
E:\Workspace\Git\Cpp_Learning\C++\03_STL\PROJ\STL\STL\src\Array.h(34,9): warning C4834: 放弃具有 "nodiscard" 属性的函数的返回值
E:\Workspace\Git\Cpp_Learning\C++\03_STL\PROJ\STL\STL\src\Array.h(35,8): warning C4834: 放弃具有 "nodiscard" 属性的函数的返回值
E:\Workspace\Git\Cpp_Learning\C++\03_STL\PROJ\STL\STL\src\Array.h(36,12): warning C4834: 放弃具有 "nodiscard" 属性的函数的返回值
E:\Workspace\Git\Cpp_Learning\C++\03_STL\PROJ\STL\STL\src\Array.h(44,5): warning C4834: 放弃具有 "nodiscard" 属性的函数的返回值
E:\Workspace\Git\Cpp_Learning\C++\03_STL\PROJ\STL\STL\src\Array.h(45,3): warning C4834: 放弃具有 "nodiscard" 属性的函数的返回值
E:\Workspace\Git\Cpp_Learning\C++\03_STL\PROJ\STL\STL\src\Array.h(46,3): warning C4834: 放弃具有 "nodiscard" 属性的函数的返回值
E:\Workspace\Git\Cpp_Learning\C++\03_STL\PROJ\STL\STL\src\Array.h(47,3): warning C4834: 放弃具有 "nodiscard" 属性的函数的返回值
E:\Workspace\Git\Cpp_Learning\C++\03_STL\PROJ\STL\STL\src\Array.h(51,3): warning C4834: 放弃具有 "nodiscard" 属性的函数的返回值
E:\Workspace\Git\Cpp_Learning\C++\03_STL\PROJ\STL\STL\src\Array.h(52,3): warning C4834: 放弃具有 "nodiscard" 属性的函数的返回值
E:\Workspace\Git\Cpp_Learning\C++\03_STL\PROJ\STL\STL\src\Array.h(53,3): warning C4834: 放弃具有 "nodiscard" 属性的函数的返回值
E:\Workspace\Git\Cpp_Learning\C++\03_STL\PROJ\STL\STL\src\Array.h(54,3): warning C4834: 放弃具有 "nodiscard" 属性的函数的返回值
E:\Workspace\Git\Cpp_Learning\C++\03_STL\PROJ\STL\STL\src\Array.h(55,3): warning C4834: 放弃具有 "nodiscard" 属性的函数的返回值
E:\Workspace\Git\Cpp_Learning\C++\03_STL\PROJ\STL\STL\src\Array.h(56,3): warning C4834: 放弃具有 "nodiscard" 属性的函数的返回值
E:\Workspace\Git\Cpp_Learning\C++\03_STL\PROJ\STL\STL\src\Array.h(57,3): warning C4834: 放弃具有 "nodiscard" 属性的函数的返回值
E:\Workspace\Git\Cpp_Learning\C++\03_STL\PROJ\STL\STL\src\Array.h(58,3): warning C4834: 放弃具有 "nodiscard" 属性的函数的返回值
E:\Workspace\Git\Cpp_Learning\C++\03_STL\PROJ\STL\STL\src\Array.h(27,6): warning C4101: “abc”: 未引用的局部变量
E:\Workspace\Git\Cpp_Learning\C++\03_STL\PROJ\STL\STL\src\Vector.h(31,9): warning C4834: 放弃具有 "nodiscard" 属性的函数的返回值
E:\Workspace\Git\Cpp_Learning\C++\03_STL\PROJ\STL\STL\src\Vector.h(32,8): warning C4834: 放弃具有 "nodiscard" 属性的函数的返回值
E:\Workspace\Git\Cpp_Learning\C++\03_STL\PROJ\STL\STL\src\Vector.h(33,12): warning C4834: 放弃具有 "nodiscard" 属性的函数的返回值
E:\Workspace\Git\Cpp_Learning\C++\03_STL\PROJ\STL\STL\src\Vector.h(34,12): warning C4834: 放弃具有 "nodiscard" 属性的函数的返回值
E:\Workspace\Git\Cpp_Learning\C++\03_STL\PROJ\STL\STL\src\Vector.h(49,5): warning C4834: 放弃具有 "nodiscard" 属性的函数的返回值
E:\Workspace\Git\Cpp_Learning\C++\03_STL\PROJ\STL\STL\src\Vector.h(50,3): warning C4834: 放弃具有 "nodiscard" 属性的函数的返回值
E:\Workspace\Git\Cpp_Learning\C++\03_STL\PROJ\STL\STL\src\Vector.h(53,4): warning C4834: 放弃具有 "nodiscard" 属性的函数的返回值
E:\Workspace\Git\Cpp_Learning\C++\03_STL\PROJ\STL\STL\src\Vector.h(54,4): warning C4834: 放弃具有 "nodiscard" 属性的函数的返回值
E:\Workspace\Git\Cpp_Learning\C++\03_STL\PROJ\STL\STL\src\Vector.h(58,3): warning C4834: 放弃具有 "nodiscard" 属性的函数的返回值
E:\Workspace\Git\Cpp_Learning\C++\03_STL\PROJ\STL\STL\src\Vector.h(59,3): warning C4834: 放弃具有 "nodiscard" 属性的函数的返回值
E:\Workspace\Git\Cpp_Learning\C++\03_STL\PROJ\STL\STL\src\Vector.h(60,3): warning C4834: 放弃具有 "nodiscard" 属性的函数的返回值
E:\Workspace\Git\Cpp_Learning\C++\03_STL\PROJ\STL\STL\src\Vector.h(61,3): warning C4834: 放弃具有 "nodiscard" 属性的函数的返回值
E:\Workspace\Git\Cpp_Learning\C++\03_STL\PROJ\STL\STL\src\Vector.h(62,3): warning C4834: 放弃具有 "nodiscard" 属性的函数的返回值
E:\Workspace\Git\Cpp_Learning\C++\03_STL\PROJ\STL\STL\src\Vector.h(63,3): warning C4834: 放弃具有 "nodiscard" 属性的函数的返回值
E:\Workspace\Git\Cpp_Learning\C++\03_STL\PROJ\STL\STL\src\Vector.h(64,3): warning C4834: 放弃具有 "nodiscard" 属性的函数的返回值
E:\Workspace\Git\Cpp_Learning\C++\03_STL\PROJ\STL\STL\src\Vector.h(65,3): warning C4834: 放弃具有 "nodiscard" 属性的函数的返回值
E:\Workspace\Git\Cpp_Learning\C++\03_STL\PROJ\STL\STL\src\Vector.h(96,11): warning C4834: 放弃具有 "nodiscard" 属性的函数的返回值
E:\Workspace\Git\Cpp_Learning\C++\03_STL\PROJ\STL\STL\src\Deque.h(38,9): warning C4834: 放弃具有 "nodiscard" 属性的函数的返回值
E:\Workspace\Git\Cpp_Learning\C++\03_STL\PROJ\STL\STL\src\Deque.h(39,8): warning C4834: 放弃具有 "nodiscard" 属性的函数的返回值
E:\Workspace\Git\Cpp_Learning\C++\03_STL\PROJ\STL\STL\src\Deque.h(40,12): warning C4834: 放弃具有 "nodiscard" 属性的函数的返回值
E:\Workspace\Git\Cpp_Learning\C++\03_STL\PROJ\STL\STL\src\Deque.h(54,5): warning C4834: 放弃具有 "nodiscard" 属性的函数的返回值
E:\Workspace\Git\Cpp_Learning\C++\03_STL\PROJ\STL\STL\src\Deque.h(55,3): warning C4834: 放弃具有 "nodiscard" 属性的函数的返回值
E:\Workspace\Git\Cpp_Learning\C++\03_STL\PROJ\STL\STL\src\Deque.h(58,4): warning C4834: 放弃具有 "nodiscard" 属性的函数的返回值
E:\Workspace\Git\Cpp_Learning\C++\03_STL\PROJ\STL\STL\src\Deque.h(59,4): warning C4834: 放弃具有 "nodiscard" 属性的函数的返回值
E:\Workspace\Git\Cpp_Learning\C++\03_STL\PROJ\STL\STL\src\Deque.h(63,3): warning C4834: 放弃具有 "nodiscard" 属性的函数的返回值
E:\Workspace\Git\Cpp_Learning\C++\03_STL\PROJ\STL\STL\src\Deque.h(64,3): warning C4834: 放弃具有 "nodiscard" 属性的函数的返回值
E:\Workspace\Git\Cpp_Learning\C++\03_STL\PROJ\STL\STL\src\Deque.h(65,3): warning C4834: 放弃具有 "nodiscard" 属性的函数的返回值
E:\Workspace\Git\Cpp_Learning\C++\03_STL\PROJ\STL\STL\src\Deque.h(66,3): warning C4834: 放弃具有 "nodiscard" 属性的函数的返回值
E:\Workspace\Git\Cpp_Learning\C++\03_STL\PROJ\STL\STL\src\Deque.h(67,3): warning C4834: 放弃具有 "nodiscard" 属性的函数的返回值
E:\Workspace\Git\Cpp_Learning\C++\03_STL\PROJ\STL\STL\src\Deque.h(68,3): warning C4834: 放弃具有 "nodiscard" 属性的函数的返回值
E:\Workspace\Git\Cpp_Learning\C++\03_STL\PROJ\STL\STL\src\Deque.h(69,3): warning C4834: 放弃具有 "nodiscard" 属性的函数的返回值
E:\Workspace\Git\Cpp_Learning\C++\03_STL\PROJ\STL\STL\src\Deque.h(70,3): warning C4834: 放弃具有 "nodiscard" 属性的函数的返回值
E:\Workspace\Git\Cpp_Learning\C++\03_STL\PROJ\STL\STL\src\List.h(26,9): warning C4834: 放弃具有 "nodiscard" 属性的函数的返回值
E:\Workspace\Git\Cpp_Learning\C++\03_STL\PROJ\STL\STL\src\List.h(27,8): warning C4834: 放弃具有 "nodiscard" 属性的函数的返回值
E:\Workspace\Git\Cpp_Learning\C++\03_STL\PROJ\STL\STL\src\List.h(28,12): warning C4834: 放弃具有 "nodiscard" 属性的函数的返回值
E:\Workspace\Git\Cpp_Learning\C++\03_STL\PROJ\STL\STL\src\List.h(43,4): warning C4834: 放弃具有 "nodiscard" 属性的函数的返回值
E:\Workspace\Git\Cpp_Learning\C++\03_STL\PROJ\STL\STL\src\List.h(44,4): warning C4834: 放弃具有 "nodiscard" 属性的函数的返回值
E:\Workspace\Git\Cpp_Learning\C++\03_STL\PROJ\STL\STL\src\List.h(48,3): warning C4834: 放弃具有 "nodiscard" 属性的函数的返回值
E:\Workspace\Git\Cpp_Learning\C++\03_STL\PROJ\STL\STL\src\List.h(49,3): warning C4834: 放弃具有 "nodiscard" 属性的函数的返回值
E:\Workspace\Git\Cpp_Learning\C++\03_STL\PROJ\STL\STL\src\List.h(50,3): warning C4834: 放弃具有 "nodiscard" 属性的函数的返回值
E:\Workspace\Git\Cpp_Learning\C++\03_STL\PROJ\STL\STL\src\List.h(51,3): warning C4834: 放弃具有 "nodiscard" 属性的函数的返回值
E:\Workspace\Git\Cpp_Learning\C++\03_STL\PROJ\STL\STL\src\List.h(52,3): warning C4834: 放弃具有 "nodiscard" 属性的函数的返回值
E:\Workspace\Git\Cpp_Learning\C++\03_STL\PROJ\STL\STL\src\List.h(53,3): warning C4834: 放弃具有 "nodiscard" 属性的函数的返回值
E:\Workspace\Git\Cpp_Learning\C++\03_STL\PROJ\STL\STL\src\List.h(54,3): warning C4834: 放弃具有 "nodiscard" 属性的函数的返回值
E:\Workspace\Git\Cpp_Learning\C++\03_STL\PROJ\STL\STL\src\List.h(55,3): warning C4834: 放弃具有 "nodiscard" 属性的函数的返回值
E:\Workspace\Git\Cpp_Learning\C++\03_STL\PROJ\STL\STL\src\ForwardList.h(28,9): warning C4834: 放弃具有 "nodiscard" 属性的函数的返回值
E:\Workspace\Git\Cpp_Learning\C++\03_STL\PROJ\STL\STL\src\ForwardList.h(29,12): warning C4834: 放弃具有 "nodiscard" 属性的函数的返回值
E:\Workspace\Git\Cpp_Learning\C++\03_STL\PROJ\STL\STL\src\ForwardList.h(44,4): warning C4834: 放弃具有 "nodiscard" 属性的函数的返回值
E:\Workspace\Git\Cpp_Learning\C++\03_STL\PROJ\STL\STL\src\ForwardList.h(48,3): warning C4834: 放弃具有 "nodiscard" 属性的函数的返回值
E:\Workspace\Git\Cpp_Learning\C++\03_STL\PROJ\STL\STL\src\ForwardList.h(49,3): warning C4834: 放弃具有 "nodiscard" 属性的函数的返回值
E:\Workspace\Git\Cpp_Learning\C++\03_STL\PROJ\STL\STL\src\ForwardList.h(50,3): warning C4834: 放弃具有 "nodiscard" 属性的函数的返回值
E:\Workspace\Git\Cpp_Learning\C++\03_STL\PROJ\STL\STL\src\ForwardList.h(51,3): warning C4834: 放弃具有 "nodiscard" 属性的函数的返回值
E:\Workspace\Git\Cpp_Learning\C++\03_STL\PROJ\STL\STL\src\ForwardList.h(52,3): warning C4834: 放弃具有 "nodiscard" 属性的函数的返回值
E:\Workspace\Git\Cpp_Learning\C++\03_STL\PROJ\STL\STL\src\ForwardList.h(53,3): warning C4834: 放弃具有 "nodiscard" 属性的函数的返回值
E:\Workspace\Git\Cpp_Learning\C++\03_STL\PROJ\STL\STL\src\Set.h(41,9): warning C4834: 放弃具有 "nodiscard" 属性的函数的返回值
E:\Workspace\Git\Cpp_Learning\C++\03_STL\PROJ\STL\STL\src\Set.h(42,8): warning C4834: 放弃具有 "nodiscard" 属性的函数的返回值
E:\Workspace\Git\Cpp_Learning\C++\03_STL\PROJ\STL\STL\src\Set.h(43,12): warning C4834: 放弃具有 "nodiscard" 属性的函数的返回值
E:\Workspace\Git\Cpp_Learning\C++\03_STL\PROJ\STL\STL\src\Set.h(54,3): warning C4834: 放弃具有 "nodiscard" 属性的函数的返回值
E:\Workspace\Git\Cpp_Learning\C++\03_STL\PROJ\STL\STL\src\Set.h(55,3): warning C4834: 放弃具有 "nodiscard" 属性的函数的返回值
E:\Workspace\Git\Cpp_Learning\C++\03_STL\PROJ\STL\STL\src\Set.h(56,3): warning C4834: 放弃具有 "nodiscard" 属性的函数的返回值
E:\Workspace\Git\Cpp_Learning\C++\03_STL\PROJ\STL\STL\src\Set.h(57,3): warning C4834: 放弃具有 "nodiscard" 属性的函数的返回值
E:\Workspace\Git\Cpp_Learning\C++\03_STL\PROJ\STL\STL\src\Set.h(58,3): warning C4834: 放弃具有 "nodiscard" 属性的函数的返回值
E:\Workspace\Git\Cpp_Learning\C++\03_STL\PROJ\STL\STL\src\Set.h(59,3): warning C4834: 放弃具有 "nodiscard" 属性的函数的返回值
E:\Workspace\Git\Cpp_Learning\C++\03_STL\PROJ\STL\STL\src\Set.h(60,3): warning C4834: 放弃具有 "nodiscard" 属性的函数的返回值
E:\Workspace\Git\Cpp_Learning\C++\03_STL\PROJ\STL\STL\src\Set.h(61,3): warning C4834: 放弃具有 "nodiscard" 属性的函数的返回值
E:\Workspace\Git\Cpp_Learning\C++\03_STL\PROJ\STL\STL\src\Set.h(75,3): warning C4834: 放弃具有 "nodiscard" 属性的函数的返回值
E:\Workspace\Git\Cpp_Learning\C++\03_STL\PROJ\STL\STL\src\Set.h(116,70): warning C4834: 放弃具有 "nodiscard" 属性的函数的返回值
E:\Workspace\Git\Cpp_Learning\C++\03_STL\PROJ\STL\STL\src\STL.cpp(62,8): warning C4834: 放弃具有 "nodiscard" 属性的函数的返回值
E:\Workspace\Git\Cpp_Learning\C++\03_STL\PROJ\STL\STL\src\STL.cpp(90): message : 查看对正在编译的函数 模板 实例化“void containerAllInterface<std::vector<int,std::allocator<int>>>(T &,T &)”的引用
          with
          [
              T=std::vector<int,std::allocator<int>>
          ]
E:\Workspace\Git\Cpp_Learning\C++\03_STL\PROJ\STL\STL\src\STL.cpp(64,12): warning C4834: 放弃具有 "nodiscard" 属性的函数的返回值
E:\Workspace\Git\Cpp_Learning\C++\03_STL\PROJ\STL\STL\src\STL.cpp(75,3): warning C4834: 放弃具有 "nodiscard" 属性的函数的返回值
E:\Workspace\Git\Cpp_Learning\C++\03_STL\PROJ\STL\STL\src\STL.cpp(78,2): warning C4834: 放弃具有 "nodiscard" 属性的函数的返回值
E:\Workspace\Git\Cpp_Learning\C++\03_STL\PROJ\STL\STL\src\STL.cpp(79,2): warning C4834: 放弃具有 "nodiscard" 属性的函数的返回值
E:\Workspace\Git\Cpp_Learning\C++\03_STL\PROJ\STL\STL\src\STL.cpp(81,3): warning C4834: 放弃具有 "nodiscard" 属性的函数的返回值
  STL.vcxproj -> E:\Workspace\Git\Cpp_Learning\C++\03_STL\PROJ\STL\Debug\STL.exe
